"../../../../../Unreal Project/ProjectColorGun/Content/FirstPerson/Character/Mesh/SK_Mannequin_Arms_Skeleton.uasset" 0
"../../../../../Unreal Project/ProjectColorGun/Content/FirstPerson/Animations/FirstPerson_Fire.uasset" 1
"../../../../../Unreal Project/ProjectColorGun/Content/FirstPerson/Animations/FirstPersonFire_Montage.uasset" 2
"../../../../../Unreal Project/ProjectColorGun/Content/FirstPerson/Animations/FirstPerson_Idle.uasset" 3
"../../../../../Unreal Project/ProjectColorGun/Content/FirstPerson/Animations/FirstPerson_JumpEnd.uasset" 4
"../../../../../Unreal Project/ProjectColorGun/Content/FirstPerson/Animations/FirstPerson_JumpLoop.uasset" 5
"../../../../../Unreal Project/ProjectColorGun/Content/FirstPerson/Animations/FirstPerson_JumpStart.uasset" 6
"../../../../../Unreal Project/ProjectColorGun/Content/FirstPerson/Animations/FirstPerson_Run.uasset" 7
"../../../Engine/Content/EditorBlueprintResources/StandardMacros.uasset" 8
"../../../../../Unreal Project/ProjectColorGun/Content/FirstPerson/Animations/FirstPerson_AnimBP.uasset" 9
"../../../../../Unreal Project/ProjectColorGun/Content/FirstPerson/Audio/FirstPersonTemplateWeaponFire02.uasset" 10
"../../../Engine/Content/Functions/Engine_MaterialFunctions02/Utility/BlendAngleCorrectedNormals.uasset" 11
"../../../Engine/Content/Functions/MaterialLayerFunctions/MatLayerBlend_NormalBlend.uasset" 12
"../../../Engine/Content/Functions/MaterialLayerFunctions/MatLayerBlend_Simple.uasset" 13
"../../../../../Unreal Project/ProjectColorGun/Content/FirstPerson/Character/Materials/MaterialLayers/T_ML_Rubber_Blue_01_D.uasset" 14
"../../../../../Unreal Project/ProjectColorGun/Content/FirstPerson/Character/Materials/MaterialLayers/T_ML_Rubber_Blue_01_N.uasset" 15
"../../../../../Unreal Project/ProjectColorGun/Content/FirstPerson/Character/Materials/MaterialLayers/ML_GlossyBlack_Latex_UE4.uasset" 16
"../../../../../Unreal Project/ProjectColorGun/Content/FirstPerson/Character/Materials/MaterialLayers/ML_Plastic_Shiny_Beige.uasset" 17
"../../../../../Unreal Project/ProjectColorGun/Content/FirstPerson/Character/Textures/UE4_LOGO_CARD.uasset" 18
"../../../../../Unreal Project/ProjectColorGun/Content/FirstPerson/Character/Materials/MaterialLayers/ML_Plastic_Shiny_Beige_LOGO.uasset" 19
"../../../../../Unreal Project/ProjectColorGun/Content/FirstPerson/Character/Materials/MaterialLayers/T_ML_Aluminum01.uasset" 20
"../../../../../Unreal Project/ProjectColorGun/Content/FirstPerson/Character/Materials/MaterialLayers/T_ML_Aluminum01_N.uasset" 21
"../../../../../Unreal Project/ProjectColorGun/Content/FirstPerson/Character/Materials/MaterialLayers/ML_SoftMetal_UE4.uasset" 22
"../../../../../Unreal Project/ProjectColorGun/Content/FirstPerson/Character/Textures/UE4_Mannequin__normals.uasset" 23
"../../../../../Unreal Project/ProjectColorGun/Content/FirstPerson/Character/Textures/UE4_Mannequin_MAT_MASKA.uasset" 24
"../../../../../Unreal Project/ProjectColorGun/Content/FirstPerson/Character/Materials/M_UE4Man_Body.uasset" 25
"../../../../../Unreal Project/ProjectColorGun/Content/FirstPerson/Character/Mesh/SK_Mannequin_Arms_PhysicsAsset.uasset" 26
"../../../../../Unreal Project/ProjectColorGun/Content/FirstPerson/Character/Mesh/SK_Mannequin_Arms.uasset" 27
"../../../../../Unreal Project/ProjectColorGun/Content/FirstPerson/FPWeapon/Materials/MaterialLayers/ML_Plastic_Shiny_Beige_LOGO.uasset" 28
"../../../../../Unreal Project/ProjectColorGun/Content/FirstPerson/FPWeapon/Materials/MaterialLayers/T_ML_FineRubber.uasset" 29
"../../../../../Unreal Project/ProjectColorGun/Content/FirstPerson/FPWeapon/Materials/MaterialLayers/T_ML_Rubber_Blue_01_D.uasset" 30
"../../../../../Unreal Project/ProjectColorGun/Content/FirstPerson/FPWeapon/Materials/MaterialLayers/T_ML_Rubber_Blue_01_N.uasset" 31
"../../../../../Unreal Project/ProjectColorGun/Content/FirstPerson/FPWeapon/Materials/MaterialLayers/ML_GlossyBlack_Latex_UE4.uasset" 32
"../../../../../Unreal Project/ProjectColorGun/Content/FirstPerson/FPWeapon/Materials/MaterialLayers/ML_Plastic_Shiny_Beige.uasset" 33
"../../../../../Unreal Project/ProjectColorGun/Content/FirstPerson/FPWeapon/Materials/MaterialLayers/ML_Screen.uasset" 34
"../../../../../Unreal Project/ProjectColorGun/Content/FirstPerson/FPWeapon/Materials/MaterialLayers/T_ML_Aluminum01.uasset" 35
"../../../../../Unreal Project/ProjectColorGun/Content/FirstPerson/FPWeapon/Materials/MaterialLayers/T_ML_Aluminum01_N.uasset" 36
"../../../../../Unreal Project/ProjectColorGun/Content/FirstPerson/FPWeapon/Materials/MaterialLayers/ML_SoftMetal_UE4.uasset" 37
"../../../../../Unreal Project/ProjectColorGun/Content/FirstPerson/FPWeapon/Textures/T_FPGun_M.uasset" 38
"../../../../../Unreal Project/ProjectColorGun/Content/FirstPerson/FPWeapon/Textures/T_FPGun_N.uasset" 39
"../../../../../Unreal Project/ProjectColorGun/Content/FirstPerson/FPWeapon/Materials/M_FPGun.uasset" 40
"../../../../../Unreal Project/ProjectColorGun/Content/FirstPerson/FPWeapon/Mesh/SK_FPGun_Skeleton.uasset" 41
"../../../../../Unreal Project/ProjectColorGun/Content/FirstPerson/FPWeapon/Mesh/SK_FPGun.uasset" 42
"../../../../../Unreal Project/ProjectColorGun/Content/FirstPerson/FPWeapon/Mesh/SK_FPGun_PhysicsAsset.uasset" 43
"../../../../../Unreal Project/ProjectColorGun/Content/FirstPerson/Meshes/BaseMaterial.uasset" 44
"../../../../../Unreal Project/ProjectColorGun/Content/FirstPerson/Meshes/CubeMaterialOverride.uasset" 45
"../../../../../Unreal Project/ProjectColorGun/Content/FirstPersonBP/Blueprints/Mesh/Gun_Skeleton.uasset" 46
"../../../../../Unreal Project/ProjectColorGun/Content/FirstPersonBP/Blueprints/Mesh/Gun_Anim_BoneBoi_Shoot.uasset" 47
"../../../../../Unreal Project/ProjectColorGun/Content/FirstPersonBP/Blueprints/Mesh/Water_Mat.uasset" 48
"../../../../../Unreal Project/ProjectColorGun/Content/Geometry/Meshes/CubeMaterial.uasset" 49
"../../../../../Unreal Project/ProjectColorGun/Content/Geometry/Meshes/1M_Cube_Chamfer.uasset" 50
"../../../../../Unreal Project/ProjectColorGun/Content/Geometry/Meshes/TemplateFloor.uasset" 51
"../../../../../Unreal Project/ProjectColorGun/Content/Resource/Elements/Water/T_Caustics.uasset" 52
"../../../../../Unreal Project/ProjectColorGun/Content/Resource/Humans/Accessories.uasset" 53
"../../../../../Unreal Project/ProjectColorGun/Content/Resource/Humans/MenBase_Skeleton.uasset" 54
"../../../../../Unreal Project/ProjectColorGun/Content/Resource/Humans/MenBase_Anim_Base_Base_Exploed.uasset" 55
"../../../../../Unreal Project/ProjectColorGun/Content/Resource/MainMaterials/Flat_Colors.uasset" 56
"../../../../../Unreal Project/ProjectColorGun/Content/Resource/Humans/Costumes/Dress_Pink.uasset" 57
"../../../../../Unreal Project/ProjectColorGun/Content/Resource/Humans/Costumes/+dress_PhysicsAsset.uasset" 58
"../../../../../Unreal Project/ProjectColorGun/Content/Resource/Humans/Costumes/+dress.uasset" 59
"../../../../../Unreal Project/ProjectColorGun/Content/Resource/Humans/Costumes/Glass_Blue.uasset" 60
"../../../../../Unreal Project/ProjectColorGun/Content/Resource/Humans/Costumes/+glasses_PhysicsAsset.uasset" 61
"../../../../../Unreal Project/ProjectColorGun/Content/Resource/Humans/Costumes/+glasses.uasset" 62
"../../../../../Unreal Project/ProjectColorGun/Content/Resource/Humans/Costumes/Suitcase_Brown.uasset" 63
"../../../../../Unreal Project/ProjectColorGun/Content/Resource/MainMaterials/Cel_Shading.uasset" 64
"../../../Engine/Content/Functions/Engine_MaterialFunctions01/Opacity/CameraDepthFade.uasset" 65
"../../../Engine/Content/EngineMaterials/T_Default_Material_Grid_M.uasset" 66
"../../../Engine/Content/EngineMaterials/T_Default_Material_Grid_N.uasset" 67
"../../../Engine/Content/EngineMaterials/WorldGridMaterial.uasset" 68
"../../../Engine/Content/ArtTools/RenderToTexture/Meshes/S_1_Unit_Plane.uasset" 69
"../../../Engine/Content/EngineMaterials/DefaultMaterial.uasset" 70
"../../../Engine/Content/BasicShapes/Cone.uasset" 71
"../../../Engine/Content/BasicShapes/Cube.uasset" 72
"../../../Engine/Content/BasicShapes/Cylinder.uasset" 73
"../../../Engine/Content/BasicShapes/Plane.uasset" 74
"../../../Engine/Content/BasicShapes/Sphere.uasset" 75
"../../../Engine/Content/EditorLandscapeResources/DataLayer.uasset" 76
"../../../Engine/Content/EditorMaterials/GizmoMaterial.uasset" 77
"../../../Engine/Content/EditorMaterials/MAT_Groups_Toggle.uasset" 78
"../../../Engine/Content/EditorMaterials/MAT_Groups_Visibility.uasset" 79
"../../../Engine/Content/EditorMaterials/PreviewShadowIndicator.uasset" 80
"../../../Engine/Content/EditorMaterials/PreviewShadowIndicatorMaterial.uasset" 81
"../../../Engine/Content/EditorMaterials/MatineeGroups/MAT_ColorTrack.uasset" 82
"../../../Engine/Content/EditorMaterials/MatineeGroups/MAT_Groups_Anim.uasset" 83
"../../../Engine/Content/EditorMaterials/MatineeGroups/MAT_Groups_AudioMaster.uasset" 84
"../../../Engine/Content/EditorMaterials/MatineeGroups/MAT_Groups_Director.uasset" 85
"../../../Engine/Content/EditorMaterials/MatineeGroups/MAT_Groups_Event.uasset" 86
"../../../Engine/Content/EditorMaterials/MatineeGroups/MAT_Groups_Fade.uasset" 87
"../../../Engine/Content/EditorMaterials/MatineeGroups/MAT_Groups_Float.uasset" 88
"../../../Engine/Content/EditorMaterials/MatineeGroups/MAT_Groups_Move.uasset" 89
"../../../Engine/Content/EditorMaterials/MatineeGroups/MAT_Groups_Slomo.uasset" 90
"../../../Engine/Content/EditorMaterials/MatineeGroups/MAT_Groups_Sound.uasset" 91
"../../../Engine/Content/EditorMaterials/MatineeGroups/MAT_Groups_Vector.uasset" 92
"../../../Engine/Content/EditorMaterials/ParticleSystems/PSysThumbnail_NoImage.uasset" 93
"../../../Engine/Content/EditorMaterials/ParticleSystems/PSysThumbnail_OOD.uasset" 94
"../../../Engine/Content/EditorMaterials/Camera/CineMat.uasset" 95
"../../../Engine/Content/EditorMaterials/Camera/MI_CineMat_Rig.uasset" 96
"../../../Engine/Content/EditorMeshes/Camera/SM_CraneRig_Arm.uasset" 97
"../../../Engine/Content/EditorMeshes/Camera/SM_CraneRig_Base.uasset" 98
"../../../Engine/Content/EditorMeshes/Camera/SM_CraneRig_Body.uasset" 99
"../../../Engine/Content/EditorMeshes/Camera/SM_CraneRig_Mount.uasset" 100
"../../../Engine/Content/EditorMeshes/Camera/SM_RailRig_Mount.uasset" 101
"../../../Engine/Content/EditorMeshes/Camera/SM_RailRig_Track.uasset" 102
"../../../Engine/Content/EditorResources/BSPVertex.uasset" 103
"../../../Engine/Content/EditorResources/EmptyActor.uasset" 104
"../../../Engine/Content/EditorResources/S_Actor.uasset" 105
"../../../Engine/Content/EditorResources/S_Trigger.uasset" 106
"../../../Engine/Content/EditorResources/LightIcons/S_LightError.uasset" 107
"../../../Engine/Content/EditorResources/SequenceRecorder/Countdown.uasset" 108
"../../../Engine/Content/EditorResources/SequenceRecorder/RecordingIndicator.uasset" 109
"../../../Engine/Content/EditorSounds/Notifications/CompileFailed.uasset" 110
"../../../Engine/Content/EditorSounds/Notifications/CompileFailed_Cue.uasset" 111
"../../../Engine/Content/EditorSounds/Notifications/CompileSuccess.uasset" 112
"../../../Engine/Content/EditorSounds/Notifications/CompileStart_Cue.uasset" 113
"../../../Engine/Content/EditorSounds/Notifications/CompileSuccess_Cue.uasset" 114
"../../../Engine/Content/EngineDamageTypes/DmgTypeBP_Environmental.uasset" 115
"../../../Engine/Content/EngineDebugMaterials/HeatmapGradient.uasset" 116
"../../../Engine/Content/EngineDebugMaterials/BoneWeightMaterial.uasset" 117
"../../../Engine/Content/EngineDebugMaterials/ClothMaterial.uasset" 118
"../../../Engine/Content/EngineDebugMaterials/ClothMaterial_WF.uasset" 119
"../../../Engine/Content/EngineDebugMaterials/DebugEditorMaterial.uasset" 120
"../../../Engine/Content/EngineDebugMaterials/DebugMeshMaterial.uasset" 121
"../../../Engine/Content/EngineDebugMaterials/GeomMaterial.uasset" 122
"../../../Engine/Content/EngineDebugMaterials/M_SimpleTranslucent.uasset" 123
"../../../Engine/Content/EngineFonts/Faces/RobotoBold.uasset" 124
"../../../Engine/Content/EngineFonts/Faces/RobotoBoldItalic.uasset" 125
"../../../Engine/Content/EngineFonts/Faces/RobotoItalic.uasset" 126
"../../../Engine/Content/EngineFonts/Faces/RobotoLight.uasset" 127
"../../../Engine/Content/EngineFonts/Faces/RobotoRegular.uasset" 128
"../../../Engine/Content/EngineFonts/Roboto.uasset" 129
"../../../Engine/Content/EngineFonts/Faces/RobotoTiny.uasset" 130
"../../../Engine/Content/EngineFonts/RobotoTiny.uasset" 131
"../../../Engine/Content/EngineMaterials/BaseFlattenDiffuseMap.uasset" 132
"../../../Engine/Content/EngineMaterials/BaseFlattenEmissiveMap.uasset" 133
"../../../Engine/Content/EngineMaterials/BaseFlattenGrayscaleMap.uasset" 134
"../../../Engine/Content/EngineMaterials/BaseFlattenNormalMap.uasset" 135
"../../../Engine/Content/EngineMaterials/BaseFlattenMaterial.uasset" 136
"../../../Engine/Content/EngineMaterials/DefaultBloomKernel.uasset" 137
"../../../Engine/Content/EngineMaterials/DefaultBokeh.uasset" 138
"../../../Engine/Content/EngineMaterials/DefaultDiffuse.uasset" 139
"../../../Engine/Content/EngineMaterials/DefaultDeferredDecalMaterial.uasset" 140
"../../../Engine/Content/EngineMaterials/DefaultLightFunctionMaterial.uasset" 141
"../../../Engine/Content/EngineMaterials/DefaultPhysicalMaterial.uasset" 142
"../../../Engine/Content/Functions/Engine_MaterialFunctions02/Utility/BreakOutFloat2Components.uasset" 143
"../../../Engine/Content/EngineMaterials/DefaultPostProcessMaterial.uasset" 144
"../../../Engine/Content/EngineFonts/RobotoDistanceField.uasset" 145
"../../../Engine/Content/EngineMaterials/DefaultTextMaterialOpaque.uasset" 146
"../../../Engine/Content/EngineMaterials/DefaultWhiteGrid.uasset" 147
"../../../Engine/Content/EngineMaterials/EditorBrushMaterial.uasset" 148
"../../../Engine/Content/EngineMaterials/Good64x64TilingNoiseHighFreq.uasset" 149
"../../../Engine/Content/EngineMaterials/MiniFont.uasset" 150
"../../../Engine/Content/EngineMaterials/InvalidLightmapSettings.uasset" 151
"../../../Engine/Content/EngineMaterials/M_InvalidLightmapSettings.uasset" 152
"../../../Engine/Content/Functions/Engine_MaterialFunctions02/WorldPositionOffset/CameraOffset.uasset" 153
"../../../Engine/Content/EngineMaterials/PhAT_JointLimitMaterial.uasset" 154
"../../../Engine/Content/EngineMaterials/PreintegratedSkinBRDF.uasset" 155
"../../../Engine/Content/EngineMaterials/RemoveSurfaceMaterial.uasset" 156
"../../../Engine/Content/EngineMaterials/WeightMapPlaceholderTexture.uasset" 157
"../../../Engine/Content/EngineResources/WhiteSquareTexture.uasset" 158
"../../../Engine/Content/EngineMaterials/Widget3DPassThrough.uasset" 159
"../../../Engine/Content/EngineMaterials/Widget3DPassThrough_Masked.uasset" 160
"../../../Engine/Content/EngineMaterials/Widget3DPassThrough_Opaque.uasset" 161
"../../../Engine/Content/EngineMaterials/Widget3DPassThrough_Masked_OneSided.uasset" 162
"../../../Engine/Content/EngineMaterials/Widget3DPassThrough_Opaque_OneSided.uasset" 163
"../../../Engine/Content/EngineMaterials/Widget3DPassThrough_Translucent.uasset" 164
"../../../Engine/Content/EngineMaterials/Widget3DPassThrough_Translucent_OneSided.uasset" 165
"../../../Engine/Content/EngineMeshes/Cylinder.uasset" 166
"../../../Engine/Content/EngineMeshes/Sphere.uasset" 167
"../../../Engine/Content/EngineResources/Black.uasset" 168
"../../../Engine/Content/EngineResources/DefaultTexture.uasset" 169
"../../../Engine/Content/EngineResources/DefaultTextureCube.uasset" 170
"../../../Engine/Content/EngineResources/DefaultVolumeTexture2D.uasset" 171
"../../../Engine/Content/EngineResources/DefaultVolumeTexture.uasset" 172
"../../../Engine/Content/EngineResources/GradientTexture0.uasset" 173
"../../../Engine/Content/EngineSounds/Master.uasset" 174
"../../../Engine/Content/Functions/Engine_MaterialFunctions01/Shading/ConvertFromDiffSpec.uasset" 175
"../../../Engine/Content/Functions/Engine_MaterialFunctions01/Shading/PowerToRoughness.uasset" 176
"../../../Engine/Content/Maps/Templates/Thumbnails/Default.uasset" 177
"../../../Engine/Content/Maps/Templates/Thumbnails/VR-Basic.uasset" 178
"../../../Engine/Content/MobileResources/T_MobileControls_texture.uasset" 179
"../../../Engine/Content/MobileResources/T_MobileMenu2.uasset" 180
"../../../Engine/Content/MobileResources/HUD/AnalogHat.uasset" 181
"../../../Engine/Content/MobileResources/HUD/VirtualJoystick_Background.uasset" 182
"../../../Engine/Content/MobileResources/HUD/VirtualJoystick_Thumb.uasset" 183
"../../../Engine/Content/MobileResources/HUD/DefaultVirtualJoysticks.uasset" 184
"../../../Engine/Content/MobileResources/HUD/LeftVirtualJoystickOnly.uasset" 185
"../../../Engine/Content/MobileResources/HUD/MobileHUDButton1_off.uasset" 186
"../../../Engine/Content/MobileResources/HUD/MobileHUDButton1_on.uasset" 187
"../../../Engine/Content/MobileResources/HUD/MobileHUDButton2_off.uasset" 188
"../../../Engine/Content/MobileResources/HUD/MobileHUDButton2_on.uasset" 189
"../../../Engine/Content/MobileResources/HUD/MobileHUDButton3.uasset" 190
"../../../Engine/Content/MobileResources/HUD/MobileHUDButtonFire.uasset" 191
"../../../Engine/Content/MobileResources/HUD/MobileHUDDirectionPad.uasset" 192
"../../../Engine/Content/MobileResources/HUD/MobileHUDDirectionPad2.uasset" 193
"../../../Engine/Content/MobileResources/HUD/MobileHUDDirectionPad3.uasset" 194
"../../../Engine/Content/MobileResources/HUD/MobileHUDDirectionStick.uasset" 195
"../../../Engine/Content/MobileResources/HUD/T_Castle_ThumbstickInner.uasset" 196
"../../../Engine/Content/MobileResources/HUD/T_Castle_ThumbstickOutter.uasset" 197
"../../../Engine/Content/Tutorial/ContentIntroCurve.uasset" 198
"../../../Engine/Content/Tutorial/Basics/TutorialAssets/icon_tab_Levels_40x.uasset" 199
"../../../Engine/Content/Tutorial/Foliage/TutorialAssets/Foliage.uasset" 200
"../../../Engine/Content/VREditor/LaserPointer/VR_LaserPower_01.uasset" 201
"../../../Engine/Content/VREditor/TransformGizmo/TransformGizmoMaterial.uasset" 202
"../../../Engine/Content/VREditor/TransformGizmo/TranslucentTransformGizmoMaterial.uasset" 203
"../../../Engine/Content/VREditor/TransformGizmo/BoundingBoxCorner.uasset" 204
"../../../Engine/Content/VREditor/TransformGizmo/BoundingBoxEdge.uasset" 205
"../../../Engine/Content/VREditor/TransformGizmo/PlaneTranslationHandle.uasset" 206
"../../../Engine/Content/VREditor/TransformGizmo/Main.uasset" 207
"../../../Engine/Content/VREditor/TransformGizmo/Xray.uasset" 208
"../../../Engine/Content/VREditor/TransformGizmo/SM_Sequencer_Key.uasset" 209
"../../../Engine/Content/VREditor/TransformGizmo/SM_Sequencer_Node.uasset" 210
"../../Plugins/2D/Paper2D/Content/PlaceholderTextures/DummySpriteTexture.uasset" 211
"../../Plugins/2D/Paper2D/Content/DummySprite.uasset" 212
"../../Plugins/2D/Paper2D/Content/DefaultPaperTerrainMaterial.uasset" 213
"../../Plugins/2D/Paper2D/Content/DefaultSpriteMaterial.uasset" 214
"../../Plugins/2D/Paper2D/Content/MaskedUnlitSpriteMaterial.uasset" 215
"../../Plugins/2D/Paper2D/Content/OpaqueUnlitSpriteMaterial.uasset" 216
"../../Plugins/Runtime/Oculus/OculusVR/Content/Materials/PokeAHoleMaterial.uasset" 217
"../../Plugins/Runtime/Oculus/OculusVR/Content/Textures/GearVRController_AO.uasset" 218
"../../Plugins/Runtime/Oculus/OculusVR/Content/Textures/GearVRController_Color.uasset" 219
"../../Plugins/Runtime/Oculus/OculusVR/Content/Textures/GearVRController_Normal.uasset" 220
"../../Plugins/Runtime/Oculus/OculusVR/Content/Materials/GearVRControllerMaterial.uasset" 221
"../../Plugins/Runtime/Oculus/OculusVR/Content/Meshes/GearVrController.uasset" 222
"../../Plugins/Runtime/Oculus/OculusVR/Content/Textures/touchController_albedo.uasset" 223
"../../Plugins/Runtime/Oculus/OculusVR/Content/Textures/touchController_controlmap.uasset" 224
"../../Plugins/Runtime/Oculus/OculusVR/Content/Materials/touchController_mat.uasset" 225
"../../Plugins/Runtime/Oculus/OculusVR/Content/Meshes/LeftTouchController.uasset" 226
"../../Plugins/Runtime/Oculus/OculusVR/Content/Meshes/RiftHMD.uasset" 227
"../../Plugins/Runtime/Oculus/OculusVR/Content/Meshes/RightTouchController.uasset" 228
"../../../../../Unreal Project/ProjectColorGun/Content/FirstPersonBP/Blueprints/Mesh/Gun_Anim_BoneBoi_Idle.uasset" 229
"../../../../../Unreal Project/ProjectColorGun/Content/FirstPersonBP/Blueprints/Mesh/Gun_Anim_BoneBoi_Walk.uasset" 230
"../../../../../Unreal Project/ProjectColorGun/Content/FirstPersonBP/Blueprints/Mesh/Gun_Blend.uasset" 231
"../../../../../Unreal Project/ProjectColorGun/Content/FirstPersonBP/Blueprints/Mesh/Gun_AimnBP.uasset" 232
"../../../../../Unreal Project/ProjectColorGun/Content/FirstPersonBP/Blueprints/Mesh/Gun_Anim_BoneBoi_Change_Color.uasset" 233
"../../../../../Unreal Project/ProjectColorGun/Content/FirstPersonBP/Blueprints/Mesh/Gun_Anim_BoneBoi_Change_Color_Montage.uasset" 234
"../../../../../Unreal Project/ProjectColorGun/Content/FirstPersonBP/Blueprints/Mesh/Gun_Anim_BoneBoi_Change_Color_Back.uasset" 235
"../../../../../Unreal Project/ProjectColorGun/Content/FirstPersonBP/Blueprints/Mesh/Gun_Anim_BoneBoi_Change_Color_Montage_Back.uasset" 236
"../../../../../Unreal Project/ProjectColorGun/Content/FirstPersonBP/Blueprints/Mesh/Gunv2_BoneBoi_Shoot.uasset" 237
"../../../../../Unreal Project/ProjectColorGun/Content/FirstPersonBP/Blueprints/Mesh/Gun_Anim_BoneBoi_Shoot_Montage.uasset" 238
"../../../Engine/Content/Functions/Engine_MaterialFunctions03/Texturing/SubUV_Function.uasset" 239
"../../../../../Unreal Project/ProjectColorGun/Content/FirstPersonBP/Blueprints/Splat_Normal_jpg.uasset" 240
"../../../../../Unreal Project/ProjectColorGun/Content/FirstPersonBP/Blueprints/Splats_T.uasset" 241
"../../../../../Unreal Project/ProjectColorGun/Content/FirstPersonBP/Blueprints/Splats_T_Mat.uasset" 242
"../../../../../Unreal Project/ProjectColorGun/Content/FirstPersonBP/Blueprints/Splats_T_Mat_Inst.uasset" 243
"../../../../../Unreal Project/ProjectColorGun/Content/FirstPersonBP/Blueprints/Splats_T_Mat_Inst1.uasset" 244
"../../../../../Unreal Project/ProjectColorGun/Content/FirstPersonBP/Blueprints/Splats_T_Mat_Inst2.uasset" 245
"../../../../../Unreal Project/ProjectColorGun/Content/Resource/Color_Enum.uasset" 246
"../../../../../Unreal Project/ProjectColorGun/Content/Resource/Color_Strut.uasset" 247
"../../../../../Unreal Project/ProjectColorGun/Content/Resource/Humans/Costumes/IDCard.uasset" 248
"../../../../../Unreal Project/ProjectColorGun/Content/Resource/Humans/White.uasset" 249
"../../../../../Unreal Project/ProjectColorGun/Content/Resource/Humans/Costumes/+IdCard_PhysicsAsset.uasset" 250
"../../../../../Unreal Project/ProjectColorGun/Content/Resource/Humans/Costumes/+IdCard.uasset" 251
"../../../../../Unreal Project/ProjectColorGun/Content/Resource/MainMaterials/Flat_Colors_Doubleside.uasset" 252
"../../../../../Unreal Project/ProjectColorGun/Content/Resource/Humans/Costumes/Lab_Coat.uasset" 253
"../../../../../Unreal Project/ProjectColorGun/Content/Resource/Humans/Costumes/+LabCoat_PhysicsAsset.uasset" 254
"../../../../../Unreal Project/ProjectColorGun/Content/Resource/Humans/Costumes/+LabCoat.uasset" 255
"../../../../../Unreal Project/ProjectColorGun/Content/Resource/Humans/Costumes/Tie_Blue.uasset" 256
"../../../../../Unreal Project/ProjectColorGun/Content/Resource/Humans/Costumes/+Tie_PhysicsAsset.uasset" 257
"../../../../../Unreal Project/ProjectColorGun/Content/Resource/Humans/Costumes/+Tie.uasset" 258
"../../../../../Unreal Project/ProjectColorGun/Content/Resource/Humans/Different_Jobs.uasset" 259
"../../../../../Unreal Project/ProjectColorGun/Content/Resource/Humans/Occupations.uasset" 260
"../../../../../Unreal Project/ProjectColorGun/Content/Resource/GameData.uasset" 261
"../../../Engine/Content/Functions/Engine_MaterialFunctions02/Math/TimeWithSpeedVariable.uasset" 262
"../../../Engine/Content/Functions/Engine_MaterialFunctions02/Utility/MakeFloat2.uasset" 263
"../../../../../Unreal Project/ProjectColorGun/Content/Resource/MainMaterials/LowResBlurredNoise.uasset" 264
"../../../../../Unreal Project/ProjectColorGun/Content/Resource/MainMaterials/Color_Liquid.uasset" 265
"../../../../../Unreal Project/ProjectColorGun/Content/Resource/MainMaterials/Color_Liquid_Blue.uasset" 266
"../../../../../Unreal Project/ProjectColorGun/Content/Resource/MainMaterials/Color_Liquid_Blue_Red.uasset" 267
"../../../../../Unreal Project/ProjectColorGun/Content/Resource/MainMaterials/Color_Liquid_yellow.uasset" 268
"../../../../../Unreal Project/ProjectColorGun/Content/FirstPerson/Meshes/FirstPersonProjectileMaterial.uasset" 269
"../../../../../Unreal Project/ProjectColorGun/Content/FirstPerson/Meshes/FirstPersonProjectileMesh.uasset" 270
"../../../Engine/Content/Functions/Engine_MaterialFunctions02/Utility/Swizzle.uasset" 271
"../../../Engine/Content/EngineVolumetrics/Fogsheet/Materials/T_EV_FogSheet_Falloff_02.uasset" 272
"../../../../../Unreal Project/ProjectColorGun/Content/Resource/Elements/M_Particle_Ribbon.uasset" 273
"../../../../../Unreal Project/ProjectColorGun/Content/Resource/Elements/Water/P_Water_Projectile_Blue.uasset" 274
"../../../../../Unreal Project/ProjectColorGun/Content/Resource/Elements/Water/P_Water_Projectile_REd.uasset" 275
"../../../../../Unreal Project/ProjectColorGun/Content/Resource/Elements/Water/P_Water_Projectile_Yellow.uasset" 276
"../../../Engine/Content/Engine_MI_Shaders/T_Cubemap_01.uasset" 277
"../../../../../Unreal Project/ProjectColorGun/Content/Resource/Elements/Water/T_raindrop.uasset" 278
"../../../../../Unreal Project/ProjectColorGun/Content/Resource/Elements/Water/T_raindrop_normal.uasset" 279
"../../../../../Unreal Project/ProjectColorGun/Content/Resource/Elements/Water/TilingNoise06_N.uasset" 280
"../../../../../Unreal Project/ProjectColorGun/Content/Resource/Elements/Water/M_raindrop.uasset" 281
"../../../../../Unreal Project/ProjectColorGun/Content/Resource/Elements/Water/T_raindrop_splash.uasset" 282
"../../../../../Unreal Project/ProjectColorGun/Content/Resource/Elements/Water/T_raindrop_splash_NRM.uasset" 283
"../../../../../Unreal Project/ProjectColorGun/Content/Resource/Elements/Water/M_raindrop_splash.uasset" 284
"../../../../../Unreal Project/ProjectColorGun/Content/Resource/Elements/Water/P_Water_Splash.uasset" 285
"../../../../../Unreal Project/ProjectColorGun/Content/Resource/SoundFX/NewSoundAttenuation.uasset" 286
"../../../../../Unreal Project/ProjectColorGun/Content/Resource/SoundFX/Splash.uasset" 287
"../../../../../Unreal Project/ProjectColorGun/Content/FirstPersonBP/Blueprints/FirstPersonProjectile.uasset" 288
"../../../../../Unreal Project/ProjectColorGun/Content/FirstPersonBP/Blueprints/Mesh/Colors_Mat.uasset" 289
"../../../../../Unreal Project/ProjectColorGun/Content/FirstPersonBP/Blueprints/Mesh/Colors_Mat_blue.uasset" 290
"../../../../../Unreal Project/ProjectColorGun/Content/FirstPersonBP/Blueprints/Mesh/Colors_Mat_Red.uasset" 291
"../../../../../Unreal Project/ProjectColorGun/Content/FirstPersonBP/Blueprints/Mesh/Colors_Mat_Yellow.uasset" 292
"../../../../../Unreal Project/ProjectColorGun/Content/FirstPersonBP/Blueprints/Mesh/ColorBody_Mat.uasset" 293
"../../../../../Unreal Project/ProjectColorGun/Content/FirstPersonBP/Blueprints/Mesh/Glass_Mat.uasset" 294
"../../../../../Unreal Project/ProjectColorGun/Content/FirstPersonBP/Blueprints/Mesh/Spray_Bt.uasset" 295
"../../../../../Unreal Project/ProjectColorGun/Content/Resource/MainMaterials/WaterTexture.uasset" 296
"../../../../../Unreal Project/ProjectColorGun/Content/Resource/MainMaterials/Water.uasset" 297
"../../../../../Unreal Project/ProjectColorGun/Content/FirstPersonBP/Blueprints/Mesh/Gun_PhysicsAsset.uasset" 298
"../../../../../Unreal Project/ProjectColorGun/Content/FirstPersonBP/Blueprints/Mesh/Gun.uasset" 299
"../../../../../Unreal Project/ProjectColorGun/Content/Resource/SoundFX/pop1.uasset" 300
"../../../../../Unreal Project/ProjectColorGun/Content/Resource/SoundFX/pop2.uasset" 301
"../../../../../Unreal Project/ProjectColorGun/Content/Resource/SoundFX/pop3.uasset" 302
"../../../../../Unreal Project/ProjectColorGun/Content/Resource/SoundFX/pop4.uasset" 303
"../../../../../Unreal Project/ProjectColorGun/Content/Resource/UMG/PlayerHUD.uasset" 304
"../../../../../Unreal Project/ProjectColorGun/Content/FirstPersonBP/Blueprints/FirstPersonCharacter.uasset" 305
"../../../../../Unreal Project/ProjectColorGun/Content/Resource/Door/Red_Door.uasset" 306
"../../../../../Unreal Project/ProjectColorGun/Content/Resource/Door/Door.uasset" 307
"../../../../../Unreal Project/ProjectColorGun/Content/Resource/Door/Exit_BP.uasset" 308
"../../../../../Unreal Project/ProjectColorGun/Content/Resource/Humans/MenBase_Anim_Base_Base_Idle.uasset" 309
"../../../../../Unreal Project/ProjectColorGun/Content/Resource/Humans/MenBase_Anim_Base_Base_Walk.uasset" 310
"../../../../../Unreal Project/ProjectColorGun/Content/Resource/Humans/MenBase_Anim_Base_Base_Walk_001.uasset" 311
"../../../../../Unreal Project/ProjectColorGun/Content/Resource/Humans/Human_Blend.uasset" 312
"../../../../../Unreal Project/ProjectColorGun/Content/Resource/Humans/Human_BP.uasset" 313
"../../../../../Unreal Project/ProjectColorGun/Content/Resource/Humans/MenBase_PhysicsAsset.uasset" 314
"../../../../../Unreal Project/ProjectColorGun/Content/Resource/Humans/MenBase.uasset" 315
"../../../../../Unreal Project/ProjectColorGun/Content/Resource/SoundFX/Pop_Sound.uasset" 316
"../../../../../Unreal Project/ProjectColorGun/Content/Resource/SoundFX/Scores_Up.uasset" 317
"../../../../../Unreal Project/ProjectColorGun/Content/Resource/Humans/Humans_BP.uasset" 318
"../../../../../Unreal Project/ProjectColorGun/Content/Resource/Door/Green_Door.uasset" 319
"../../../../../Unreal Project/ProjectColorGun/Content/Resource/Door/Human_Spawn_BP.uasset" 320
"../../../Engine/Content/EngineSky/C_Sky_Cloud_Color.uasset" 321
"../../../Engine/Content/EngineSky/C_Sky_Horizon_Color.uasset" 322
"../../../Engine/Content/EngineSky/C_Sky_Zenith_Color.uasset" 323
"../../../Engine/Content/EngineSky/T_Sky_Blue.uasset" 324
"../../../Engine/Content/EngineSky/T_Sky_Clouds_M.uasset" 325
"../../../Engine/Content/EngineSky/T_Sky_Stars.uasset" 326
"../../../Engine/Content/EngineSky/M_Sky_Panning_Clouds2.uasset" 327
"../../../Engine/Content/EngineSky/SM_SkySphere.uasset" 328
"../../../Engine/Content/EngineSky/BP_Sky_Sphere.uasset" 329
"../../../../../Unreal Project/ProjectColorGun/Content/FirstPerson/Textures/FirstPersonCrosshair.uasset" 330
"../../../../../Unreal Project/ProjectColorGun/Content/FirstPersonBP/Blueprints/FirstPersonHUD.uasset" 331
"../../../../../Unreal Project/ProjectColorGun/Content/FirstPersonBP/Blueprints/FirstPersonGameMode.uasset" 332
"../../../../../Unreal Project/ProjectColorGun/Content/Resource/Door/Door_BP.uasset" 333
"../../../../../Unreal Project/ProjectColorGun/Content/FirstPersonBP/Maps/FirstPersonExampleMap_BuiltData.uasset" 334
"../../../../../Unreal Project/ProjectColorGun/Content/Geometry/Meshes/1M_Cube.uasset" 335
"../../../../../Unreal Project/ProjectColorGun/Content/FirstPersonBP/Maps/FirstPersonExampleMap.umap" 336
"../../../Engine/Content/Maps/Entry_BuiltData.uasset" 337
"../../../Engine/Content/Maps/Entry.umap" 338
